DEBUG:urllib3.connectionpool:Starting new HTTPS connection (1): api.coronavirus.data.gov.uk:443
DEBUG:urllib3.connectionpool:https://api.coronavirus.data.gov.uk:443 "GET /v1/data HTTP/1.1" 400 None
DEBUG:urllib3.connectionpool:Starting new HTTPS connection (1): api.coronavirus.data.gov.uk:443
DEBUG:urllib3.connectionpool:https://api.coronavirus.data.gov.uk:443 "GET /v1/data?filters=areaType%3Dltla%3BareaName%3DExeter&structure=%7B%22newCasesBySpecimenDate%22%3A%22newCasesBySpecimenDate%22%7D&format=json&page=1 HTTP/1.1" 200 None
DEBUG:urllib3.connectionpool:Starting new HTTPS connection (1): api.coronavirus.data.gov.uk:443
DEBUG:urllib3.connectionpool:https://api.coronavirus.data.gov.uk:443 "GET /v1/data?filters=areaType%3Dltla%3BareaName%3DExeter&structure=%7B%22newCasesBySpecimenDate%22%3A%22newCasesBySpecimenDate%22%7D&format=json&page=2 HTTP/1.1" 204 0
DEBUG:urllib3.connectionpool:Starting new HTTPS connection (1): api.coronavirus.data.gov.uk:443
DEBUG:urllib3.connectionpool:https://api.coronavirus.data.gov.uk:443 "GET /v1/data?filters=areaType%3Dnation%3BareaName%3DEngland&structure=%7B%22cumDailyNsoDeathsByDeathDate%22%3A%22cumDailyNsoDeathsByDeathDate%22%2C%22hospitalCases%22%3A%22hospitalCases%22%2C%22newCasesBySpecimenDate%22%3A%22newCasesBySpecimenDate%22%7D&format=json&page=1 HTTP/1.1" 200 None
DEBUG:urllib3.connectionpool:Starting new HTTPS connection (1): api.coronavirus.data.gov.uk:443
DEBUG:urllib3.connectionpool:https://api.coronavirus.data.gov.uk:443 "GET /v1/data?filters=areaType%3Dnation%3BareaName%3DEngland&structure=%7B%22cumDailyNsoDeathsByDeathDate%22%3A%22cumDailyNsoDeathsByDeathDate%22%2C%22hospitalCases%22%3A%22hospitalCases%22%2C%22newCasesBySpecimenDate%22%3A%22newCasesBySpecimenDate%22%7D&format=json&page=2 HTTP/1.1" 204 0
DEBUG:root:Element 0 was not an integer
DEBUG:root:Element 1 was not an integer
DEBUG:root:Element 2 was not an integer
DEBUG:root:Element 3 was not an integer
DEBUG:root:Element 4 was not an integer
DEBUG:root:Element 5 was not an integer
DEBUG:root:Element 6 was not an integer
DEBUG:root:Element 7 was not an integer
DEBUG:root:Element 8 was not an integer
DEBUG:root:Element 9 was not an integer
DEBUG:root:Element 10 was not an integer
DEBUG:root:Element 11 was not an integer
DEBUG:urllib3.connectionpool:Starting new HTTPS connection (1): newsapi.org:443
DEBUG:urllib3.connectionpool:https://newsapi.org:443 "GET /v2/everything?q=Covid%7C%7CCOVID-19%7C%7Ccoronavirus&from=2021-12-01&sortBy=publishedAt&language=en&apiKey=e30de33ada8846cda564576240854c89 HTTP/1.1" 200 None
DEBUG:urllib3.connectionpool:Starting new HTTPS connection (1): api.coronavirus.data.gov.uk:443
DEBUG:urllib3.connectionpool:https://api.coronavirus.data.gov.uk:443 "GET /v1/data HTTP/1.1" 400 None
DEBUG:urllib3.connectionpool:Starting new HTTPS connection (1): api.coronavirus.data.gov.uk:443
DEBUG:urllib3.connectionpool:https://api.coronavirus.data.gov.uk:443 "GET /v1/data?filters=areaType%3Dltla%3BareaName%3DExeter&structure=%7B%22newCasesBySpecimenDate%22%3A%22newCasesBySpecimenDate%22%7D&format=json&page=1 HTTP/1.1" 200 None
DEBUG:urllib3.connectionpool:Starting new HTTPS connection (1): api.coronavirus.data.gov.uk:443
DEBUG:urllib3.connectionpool:https://api.coronavirus.data.gov.uk:443 "GET /v1/data?filters=areaType%3Dltla%3BareaName%3DExeter&structure=%7B%22newCasesBySpecimenDate%22%3A%22newCasesBySpecimenDate%22%7D&format=json&page=2 HTTP/1.1" 204 0
DEBUG:urllib3.connectionpool:Starting new HTTPS connection (1): api.coronavirus.data.gov.uk:443
DEBUG:urllib3.connectionpool:https://api.coronavirus.data.gov.uk:443 "GET /v1/data?filters=areaType%3Dnation%3BareaName%3DEngland&structure=%7B%22cumDailyNsoDeathsByDeathDate%22%3A%22cumDailyNsoDeathsByDeathDate%22%2C%22hospitalCases%22%3A%22hospitalCases%22%2C%22newCasesBySpecimenDate%22%3A%22newCasesBySpecimenDate%22%7D&format=json&page=1 HTTP/1.1" 200 None
DEBUG:urllib3.connectionpool:Starting new HTTPS connection (1): api.coronavirus.data.gov.uk:443
DEBUG:urllib3.connectionpool:https://api.coronavirus.data.gov.uk:443 "GET /v1/data?filters=areaType%3Dnation%3BareaName%3DEngland&structure=%7B%22cumDailyNsoDeathsByDeathDate%22%3A%22cumDailyNsoDeathsByDeathDate%22%2C%22hospitalCases%22%3A%22hospitalCases%22%2C%22newCasesBySpecimenDate%22%3A%22newCasesBySpecimenDate%22%7D&format=json&page=2 HTTP/1.1" 204 0
DEBUG:root:Element 0 was not an integer
DEBUG:root:Element 1 was not an integer
DEBUG:root:Element 2 was not an integer
DEBUG:root:Element 3 was not an integer
DEBUG:root:Element 4 was not an integer
DEBUG:root:Element 5 was not an integer
DEBUG:root:Element 6 was not an integer
DEBUG:root:Element 7 was not an integer
DEBUG:root:Element 8 was not an integer
DEBUG:root:Element 9 was not an integer
DEBUG:root:Element 10 was not an integer
DEBUG:root:Element 11 was not an integer
DEBUG:urllib3.connectionpool:Starting new HTTPS connection (1): newsapi.org:443
DEBUG:urllib3.connectionpool:https://newsapi.org:443 "GET /v2/everything?q=Covid%7C%7CCOVID-19%7C%7Ccoronavirus&from=2021-12-01&sortBy=publishedAt&language=en&apiKey=e30de33ada8846cda564576240854c89 HTTP/1.1" 200 None
DEBUG:urllib3.connectionpool:Starting new HTTPS connection (1): api.coronavirus.data.gov.uk:443
DEBUG:urllib3.connectionpool:https://api.coronavirus.data.gov.uk:443 "GET /v1/data HTTP/1.1" 200 None
DEBUG:urllib3.connectionpool:Starting new HTTPS connection (1): api.coronavirus.data.gov.uk:443
DEBUG:urllib3.connectionpool:https://api.coronavirus.data.gov.uk:443 "GET /v1/data?filters=areaType%3Dltla%3BareaName%3DExeter&structure=%7B%22newCasesBySpecimenDate%22%3A%22newCasesBySpecimenDate%22%7D&format=json&page=1 HTTP/1.1" 200 None
DEBUG:urllib3.connectionpool:Starting new HTTPS connection (1): api.coronavirus.data.gov.uk:443
DEBUG:urllib3.connectionpool:https://api.coronavirus.data.gov.uk:443 "GET /v1/data?filters=areaType%3Dltla%3BareaName%3DExeter&structure=%7B%22newCasesBySpecimenDate%22%3A%22newCasesBySpecimenDate%22%7D&format=json&page=2 HTTP/1.1" 204 0
DEBUG:urllib3.connectionpool:Starting new HTTPS connection (1): api.coronavirus.data.gov.uk:443
DEBUG:urllib3.connectionpool:https://api.coronavirus.data.gov.uk:443 "GET /v1/data?filters=areaType%3Dnation%3BareaName%3DEngland&structure=%7B%22cumDailyNsoDeathsByDeathDate%22%3A%22cumDailyNsoDeathsByDeathDate%22%2C%22hospitalCases%22%3A%22hospitalCases%22%2C%22newCasesBySpecimenDate%22%3A%22newCasesBySpecimenDate%22%7D&format=json&page=1 HTTP/1.1" 200 None
DEBUG:urllib3.connectionpool:Starting new HTTPS connection (1): api.coronavirus.data.gov.uk:443
DEBUG:urllib3.connectionpool:https://api.coronavirus.data.gov.uk:443 "GET /v1/data?filters=areaType%3Dnation%3BareaName%3DEngland&structure=%7B%22cumDailyNsoDeathsByDeathDate%22%3A%22cumDailyNsoDeathsByDeathDate%22%2C%22hospitalCases%22%3A%22hospitalCases%22%2C%22newCasesBySpecimenDate%22%3A%22newCasesBySpecimenDate%22%7D&format=json&page=2 HTTP/1.1" 204 0
DEBUG:root:Element 0 was not an integer
DEBUG:root:Element 1 was not an integer
DEBUG:root:Element 2 was not an integer
DEBUG:root:Element 3 was not an integer
DEBUG:root:Element 4 was not an integer
DEBUG:root:Element 5 was not an integer
DEBUG:root:Element 6 was not an integer
DEBUG:root:Element 7 was not an integer
DEBUG:root:Element 8 was not an integer
DEBUG:root:Element 9 was not an integer
DEBUG:root:Element 10 was not an integer
DEBUG:root:Element 11 was not an integer
DEBUG:urllib3.connectionpool:Starting new HTTPS connection (1): newsapi.org:443
DEBUG:urllib3.connectionpool:https://newsapi.org:443 "GET /v2/everything?q=Covid%7C%7CCOVID-19%7C%7Ccoronavirus&from=2021-12-01&sortBy=publishedAt&language=en&apiKey=e30de33ada8846cda564576240854c89 HTTP/1.1" 200 None
DEBUG:urllib3.connectionpool:Starting new HTTPS connection (1): api.coronavirus.data.gov.uk:443
DEBUG:urllib3.connectionpool:https://api.coronavirus.data.gov.uk:443 "GET /v1/data HTTP/1.1" 200 None
DEBUG:urllib3.connectionpool:Starting new HTTPS connection (1): api.coronavirus.data.gov.uk:443
DEBUG:urllib3.connectionpool:https://api.coronavirus.data.gov.uk:443 "GET /v1/data?filters=areaType%3Dltla%3BareaName%3DExeter&structure=%7B%22newCasesBySpecimenDate%22%3A%22newCasesBySpecimenDate%22%7D&format=json&page=1 HTTP/1.1" 200 None
DEBUG:urllib3.connectionpool:Starting new HTTPS connection (1): api.coronavirus.data.gov.uk:443
DEBUG:urllib3.connectionpool:https://api.coronavirus.data.gov.uk:443 "GET /v1/data?filters=areaType%3Dltla%3BareaName%3DExeter&structure=%7B%22newCasesBySpecimenDate%22%3A%22newCasesBySpecimenDate%22%7D&format=json&page=2 HTTP/1.1" 204 0
DEBUG:urllib3.connectionpool:Starting new HTTPS connection (1): api.coronavirus.data.gov.uk:443
DEBUG:urllib3.connectionpool:https://api.coronavirus.data.gov.uk:443 "GET /v1/data?filters=areaType%3Dnation%3BareaName%3DEngland&structure=%7B%22cumDailyNsoDeathsByDeathDate%22%3A%22cumDailyNsoDeathsByDeathDate%22%2C%22hospitalCases%22%3A%22hospitalCases%22%2C%22newCasesBySpecimenDate%22%3A%22newCasesBySpecimenDate%22%7D&format=json&page=1 HTTP/1.1" 200 None
DEBUG:urllib3.connectionpool:Starting new HTTPS connection (1): api.coronavirus.data.gov.uk:443
DEBUG:urllib3.connectionpool:https://api.coronavirus.data.gov.uk:443 "GET /v1/data?filters=areaType%3Dnation%3BareaName%3DEngland&structure=%7B%22cumDailyNsoDeathsByDeathDate%22%3A%22cumDailyNsoDeathsByDeathDate%22%2C%22hospitalCases%22%3A%22hospitalCases%22%2C%22newCasesBySpecimenDate%22%3A%22newCasesBySpecimenDate%22%7D&format=json&page=2 HTTP/1.1" 204 0
DEBUG:root:Element 0 was not an integer
DEBUG:root:Element 1 was not an integer
DEBUG:root:Element 2 was not an integer
DEBUG:root:Element 3 was not an integer
DEBUG:root:Element 4 was not an integer
DEBUG:root:Element 5 was not an integer
DEBUG:root:Element 6 was not an integer
DEBUG:root:Element 7 was not an integer
DEBUG:root:Element 8 was not an integer
DEBUG:root:Element 9 was not an integer
DEBUG:root:Element 10 was not an integer
DEBUG:root:Element 11 was not an integer
DEBUG:urllib3.connectionpool:Starting new HTTPS connection (1): newsapi.org:443
DEBUG:urllib3.connectionpool:https://newsapi.org:443 "GET /v2/everything?q=Covid%7C%7CCOVID-19%7C%7Ccoronavirus&from=2021-12-01&sortBy=publishedAt&language=en&apiKey=e30de33ada8846cda564576240854c89 HTTP/1.1" 200 None
DEBUG:urllib3.connectionpool:Starting new HTTPS connection (1): api.coronavirus.data.gov.uk:443
DEBUG:urllib3.connectionpool:https://api.coronavirus.data.gov.uk:443 "GET /v1/data HTTP/1.1" 200 None
DEBUG:urllib3.connectionpool:Starting new HTTPS connection (1): api.coronavirus.data.gov.uk:443
DEBUG:urllib3.connectionpool:https://api.coronavirus.data.gov.uk:443 "GET /v1/data?filters=areaType%3Dltla%3BareaName%3DExeter&structure=%7B%22newCasesBySpecimenDate%22%3A%22newCasesBySpecimenDate%22%7D&format=json&page=1 HTTP/1.1" 200 None
DEBUG:urllib3.connectionpool:Starting new HTTPS connection (1): api.coronavirus.data.gov.uk:443
DEBUG:urllib3.connectionpool:https://api.coronavirus.data.gov.uk:443 "GET /v1/data?filters=areaType%3Dltla%3BareaName%3DExeter&structure=%7B%22newCasesBySpecimenDate%22%3A%22newCasesBySpecimenDate%22%7D&format=json&page=2 HTTP/1.1" 204 0
DEBUG:urllib3.connectionpool:Starting new HTTPS connection (1): api.coronavirus.data.gov.uk:443
DEBUG:urllib3.connectionpool:https://api.coronavirus.data.gov.uk:443 "GET /v1/data?filters=areaType%3Dnation%3BareaName%3DEngland&structure=%7B%22cumDailyNsoDeathsByDeathDate%22%3A%22cumDailyNsoDeathsByDeathDate%22%2C%22hospitalCases%22%3A%22hospitalCases%22%2C%22newCasesBySpecimenDate%22%3A%22newCasesBySpecimenDate%22%7D&format=json&page=1 HTTP/1.1" 200 None
DEBUG:urllib3.connectionpool:Starting new HTTPS connection (1): api.coronavirus.data.gov.uk:443
DEBUG:urllib3.connectionpool:https://api.coronavirus.data.gov.uk:443 "GET /v1/data?filters=areaType%3Dnation%3BareaName%3DEngland&structure=%7B%22cumDailyNsoDeathsByDeathDate%22%3A%22cumDailyNsoDeathsByDeathDate%22%2C%22hospitalCases%22%3A%22hospitalCases%22%2C%22newCasesBySpecimenDate%22%3A%22newCasesBySpecimenDate%22%7D&format=json&page=2 HTTP/1.1" 204 0
DEBUG:root:Element 0 was not an integer
DEBUG:root:Element 1 was not an integer
DEBUG:root:Element 2 was not an integer
DEBUG:root:Element 3 was not an integer
DEBUG:root:Element 4 was not an integer
DEBUG:root:Element 5 was not an integer
DEBUG:root:Element 6 was not an integer
DEBUG:root:Element 7 was not an integer
DEBUG:root:Element 8 was not an integer
DEBUG:root:Element 9 was not an integer
DEBUG:root:Element 10 was not an integer
DEBUG:root:Element 11 was not an integer
DEBUG:urllib3.connectionpool:Starting new HTTPS connection (1): newsapi.org:443
DEBUG:urllib3.connectionpool:https://newsapi.org:443 "GET /v2/everything?q=Covid%7C%7CCOVID-19%7C%7Ccoronavirus&from=2021-12-01&sortBy=publishedAt&language=en&apiKey=e30de33ada8846cda564576240854c89 HTTP/1.1" 200 None
DEBUG:urllib3.connectionpool:Starting new HTTPS connection (1): api.coronavirus.data.gov.uk:443
DEBUG:urllib3.connectionpool:https://api.coronavirus.data.gov.uk:443 "GET /v1/data HTTP/1.1" 200 None
DEBUG:urllib3.connectionpool:Starting new HTTPS connection (1): api.coronavirus.data.gov.uk:443
DEBUG:urllib3.connectionpool:https://api.coronavirus.data.gov.uk:443 "GET /v1/data?filters=areaType%3Dltla%3BareaName%3DExeter&structure=%7B%22newCasesBySpecimenDate%22%3A%22newCasesBySpecimenDate%22%7D&format=json&page=1 HTTP/1.1" 200 None
DEBUG:urllib3.connectionpool:Starting new HTTPS connection (1): api.coronavirus.data.gov.uk:443
DEBUG:urllib3.connectionpool:https://api.coronavirus.data.gov.uk:443 "GET /v1/data?filters=areaType%3Dltla%3BareaName%3DExeter&structure=%7B%22newCasesBySpecimenDate%22%3A%22newCasesBySpecimenDate%22%7D&format=json&page=2 HTTP/1.1" 204 0
DEBUG:urllib3.connectionpool:Starting new HTTPS connection (1): api.coronavirus.data.gov.uk:443
DEBUG:urllib3.connectionpool:https://api.coronavirus.data.gov.uk:443 "GET /v1/data?filters=areaType%3Dnation%3BareaName%3DEngland&structure=%7B%22cumDailyNsoDeathsByDeathDate%22%3A%22cumDailyNsoDeathsByDeathDate%22%2C%22hospitalCases%22%3A%22hospitalCases%22%2C%22newCasesBySpecimenDate%22%3A%22newCasesBySpecimenDate%22%7D&format=json&page=1 HTTP/1.1" 200 None
DEBUG:urllib3.connectionpool:Starting new HTTPS connection (1): api.coronavirus.data.gov.uk:443
DEBUG:urllib3.connectionpool:https://api.coronavirus.data.gov.uk:443 "GET /v1/data?filters=areaType%3Dnation%3BareaName%3DEngland&structure=%7B%22cumDailyNsoDeathsByDeathDate%22%3A%22cumDailyNsoDeathsByDeathDate%22%2C%22hospitalCases%22%3A%22hospitalCases%22%2C%22newCasesBySpecimenDate%22%3A%22newCasesBySpecimenDate%22%7D&format=json&page=2 HTTP/1.1" 204 0
DEBUG:root:Element 0 was not an integer
DEBUG:root:Element 1 was not an integer
DEBUG:root:Element 2 was not an integer
DEBUG:root:Element 3 was not an integer
DEBUG:root:Element 4 was not an integer
DEBUG:root:Element 5 was not an integer
DEBUG:root:Element 6 was not an integer
DEBUG:root:Element 7 was not an integer
DEBUG:root:Element 8 was not an integer
DEBUG:root:Element 9 was not an integer
DEBUG:root:Element 10 was not an integer
DEBUG:root:Element 11 was not an integer
DEBUG:urllib3.connectionpool:Starting new HTTPS connection (1): newsapi.org:443
DEBUG:urllib3.connectionpool:https://newsapi.org:443 "GET /v2/everything?q=Covid%7C%7CCOVID-19%7C%7Ccoronavirus&from=2021-12-01&sortBy=publishedAt&language=en&apiKey=e30de33ada8846cda564576240854c89 HTTP/1.1" 200 None
DEBUG:urllib3.connectionpool:Starting new HTTPS connection (1): api.coronavirus.data.gov.uk:443
DEBUG:urllib3.connectionpool:https://api.coronavirus.data.gov.uk:443 "GET /v1/data HTTP/1.1" 200 None
DEBUG:urllib3.connectionpool:Starting new HTTPS connection (1): api.coronavirus.data.gov.uk:443
DEBUG:urllib3.connectionpool:https://api.coronavirus.data.gov.uk:443 "GET /v1/data?filters=areaType%3Dltla%3BareaName%3DExeter&structure=%7B%22newCasesBySpecimenDate%22%3A%22newCasesBySpecimenDate%22%7D&format=json&page=1 HTTP/1.1" 200 None
DEBUG:urllib3.connectionpool:Starting new HTTPS connection (1): api.coronavirus.data.gov.uk:443
DEBUG:urllib3.connectionpool:https://api.coronavirus.data.gov.uk:443 "GET /v1/data?filters=areaType%3Dltla%3BareaName%3DExeter&structure=%7B%22newCasesBySpecimenDate%22%3A%22newCasesBySpecimenDate%22%7D&format=json&page=2 HTTP/1.1" 204 0
DEBUG:urllib3.connectionpool:Starting new HTTPS connection (1): api.coronavirus.data.gov.uk:443
DEBUG:urllib3.connectionpool:https://api.coronavirus.data.gov.uk:443 "GET /v1/data?filters=areaType%3Dnation%3BareaName%3DEngland&structure=%7B%22cumDailyNsoDeathsByDeathDate%22%3A%22cumDailyNsoDeathsByDeathDate%22%2C%22hospitalCases%22%3A%22hospitalCases%22%2C%22newCasesBySpecimenDate%22%3A%22newCasesBySpecimenDate%22%7D&format=json&page=1 HTTP/1.1" 200 None
DEBUG:urllib3.connectionpool:Starting new HTTPS connection (1): api.coronavirus.data.gov.uk:443
DEBUG:urllib3.connectionpool:https://api.coronavirus.data.gov.uk:443 "GET /v1/data?filters=areaType%3Dnation%3BareaName%3DEngland&structure=%7B%22cumDailyNsoDeathsByDeathDate%22%3A%22cumDailyNsoDeathsByDeathDate%22%2C%22hospitalCases%22%3A%22hospitalCases%22%2C%22newCasesBySpecimenDate%22%3A%22newCasesBySpecimenDate%22%7D&format=json&page=2 HTTP/1.1" 204 0
DEBUG:root:Element 0 was not an integer
DEBUG:root:Element 1 was not an integer
DEBUG:root:Element 2 was not an integer
DEBUG:root:Element 3 was not an integer
DEBUG:root:Element 4 was not an integer
DEBUG:root:Element 5 was not an integer
DEBUG:root:Element 6 was not an integer
DEBUG:root:Element 7 was not an integer
DEBUG:root:Element 8 was not an integer
DEBUG:root:Element 9 was not an integer
DEBUG:root:Element 10 was not an integer
DEBUG:root:Element 11 was not an integer
DEBUG:urllib3.connectionpool:Starting new HTTPS connection (1): newsapi.org:443
DEBUG:urllib3.connectionpool:https://newsapi.org:443 "GET /v2/everything?q=Covid%7C%7CCOVID-19%7C%7Ccoronavirus&from=2021-12-01&sortBy=publishedAt&language=en&apiKey=e30de33ada8846cda564576240854c89 HTTP/1.1" 200 None
DEBUG:urllib3.connectionpool:Starting new HTTPS connection (1): newsapi.org:443
DEBUG:urllib3.connectionpool:https://newsapi.org:443 "GET /v2/everything?q=Covid%7C%7CCOVID-19%7C%7Ccoronavirus&from=2021-12-01&sortBy=publishedAt&language=en&apiKey=e30de33ada8846cda564576240854c89 HTTP/1.1" 200 None
DEBUG:urllib3.connectionpool:Starting new HTTPS connection (1): api.coronavirus.data.gov.uk:443
DEBUG:urllib3.connectionpool:https://api.coronavirus.data.gov.uk:443 "GET /v1/data HTTP/1.1" 200 None
DEBUG:urllib3.connectionpool:Starting new HTTPS connection (1): api.coronavirus.data.gov.uk:443
DEBUG:urllib3.connectionpool:https://api.coronavirus.data.gov.uk:443 "GET /v1/data?filters=areaType%3Dltla%3BareaName%3DExeter&structure=%7B%22newCasesBySpecimenDate%22%3A%22newCasesBySpecimenDate%22%7D&format=json&page=1 HTTP/1.1" 200 None
DEBUG:urllib3.connectionpool:Starting new HTTPS connection (1): api.coronavirus.data.gov.uk:443
DEBUG:urllib3.connectionpool:https://api.coronavirus.data.gov.uk:443 "GET /v1/data?filters=areaType%3Dltla%3BareaName%3DExeter&structure=%7B%22newCasesBySpecimenDate%22%3A%22newCasesBySpecimenDate%22%7D&format=json&page=2 HTTP/1.1" 204 0
DEBUG:urllib3.connectionpool:Starting new HTTPS connection (1): api.coronavirus.data.gov.uk:443
DEBUG:urllib3.connectionpool:https://api.coronavirus.data.gov.uk:443 "GET /v1/data?filters=areaType%3Dnation%3BareaName%3DEngland&structure=%7B%22cumDailyNsoDeathsByDeathDate%22%3A%22cumDailyNsoDeathsByDeathDate%22%2C%22hospitalCases%22%3A%22hospitalCases%22%2C%22newCasesBySpecimenDate%22%3A%22newCasesBySpecimenDate%22%7D&format=json&page=1 HTTP/1.1" 200 None
DEBUG:urllib3.connectionpool:Starting new HTTPS connection (1): api.coronavirus.data.gov.uk:443
DEBUG:urllib3.connectionpool:https://api.coronavirus.data.gov.uk:443 "GET /v1/data?filters=areaType%3Dnation%3BareaName%3DEngland&structure=%7B%22cumDailyNsoDeathsByDeathDate%22%3A%22cumDailyNsoDeathsByDeathDate%22%2C%22hospitalCases%22%3A%22hospitalCases%22%2C%22newCasesBySpecimenDate%22%3A%22newCasesBySpecimenDate%22%7D&format=json&page=2 HTTP/1.1" 204 0
DEBUG:root:Element 0 was not an integer
DEBUG:root:Element 1 was not an integer
DEBUG:root:Element 2 was not an integer
DEBUG:root:Element 3 was not an integer
DEBUG:root:Element 4 was not an integer
DEBUG:root:Element 5 was not an integer
DEBUG:root:Element 6 was not an integer
DEBUG:root:Element 7 was not an integer
DEBUG:root:Element 8 was not an integer
DEBUG:root:Element 9 was not an integer
DEBUG:root:Element 10 was not an integer
DEBUG:root:Element 11 was not an integer
INFO:werkzeug: * Running on http://127.0.0.1:5000/ (Press CTRL+C to quit)
ERROR:user_inter:Exception on /index [GET]
Traceback (most recent call last):
  File "C:\Users\Malik\AppData\Local\Packages\PythonSoftwareFoundation.Python.3.9_qbz5n2kfra8p0\LocalCache\local-packages\Python39\site-packages\flask\app.py", line 2073, in wsgi_app
    response = self.full_dispatch_request()
  File "C:\Users\Malik\AppData\Local\Packages\PythonSoftwareFoundation.Python.3.9_qbz5n2kfra8p0\LocalCache\local-packages\Python39\site-packages\flask\app.py", line 1518, in full_dispatch_request
    rv = self.handle_user_exception(e)
  File "C:\Users\Malik\AppData\Local\Packages\PythonSoftwareFoundation.Python.3.9_qbz5n2kfra8p0\LocalCache\local-packages\Python39\site-packages\flask\app.py", line 1516, in full_dispatch_request
    rv = self.dispatch_request()
  File "C:\Users\Malik\AppData\Local\Packages\PythonSoftwareFoundation.Python.3.9_qbz5n2kfra8p0\LocalCache\local-packages\Python39\site-packages\flask\app.py", line 1502, in dispatch_request
    return self.ensure_sync(self.view_functions[rule.endpoint])(**req.view_args)
  File "C:\Work\Covid Dashborad Coursework\user_inter.py", line 152, in index
    local_7day_infections=data['last7day_cases_loc'],
KeyError: 'last7day_cases_loc'
INFO:werkzeug:127.0.0.1 - - [09/Dec/2021 15:44:00] "[35m[1mGET /index HTTP/1.1[0m" 500 -
ERROR:user_inter:Exception on /index [GET]
Traceback (most recent call last):
  File "C:\Users\Malik\AppData\Local\Packages\PythonSoftwareFoundation.Python.3.9_qbz5n2kfra8p0\LocalCache\local-packages\Python39\site-packages\flask\app.py", line 2073, in wsgi_app
    response = self.full_dispatch_request()
  File "C:\Users\Malik\AppData\Local\Packages\PythonSoftwareFoundation.Python.3.9_qbz5n2kfra8p0\LocalCache\local-packages\Python39\site-packages\flask\app.py", line 1518, in full_dispatch_request
    rv = self.handle_user_exception(e)
  File "C:\Users\Malik\AppData\Local\Packages\PythonSoftwareFoundation.Python.3.9_qbz5n2kfra8p0\LocalCache\local-packages\Python39\site-packages\flask\app.py", line 1516, in full_dispatch_request
    rv = self.dispatch_request()
  File "C:\Users\Malik\AppData\Local\Packages\PythonSoftwareFoundation.Python.3.9_qbz5n2kfra8p0\LocalCache\local-packages\Python39\site-packages\flask\app.py", line 1502, in dispatch_request
    return self.ensure_sync(self.view_functions[rule.endpoint])(**req.view_args)
  File "C:\Work\Covid Dashborad Coursework\user_inter.py", line 152, in index
    local_7day_infections=data['last7day_cases_loc'],
KeyError: 'last7day_cases_loc'
INFO:werkzeug:127.0.0.1 - - [09/Dec/2021 15:44:12] "[35m[1mGET /index HTTP/1.1[0m" 500 -
DEBUG:urllib3.connectionpool:Starting new HTTPS connection (1): api.coronavirus.data.gov.uk:443
DEBUG:urllib3.connectionpool:https://api.coronavirus.data.gov.uk:443 "GET /v1/data HTTP/1.1" 200 None
DEBUG:urllib3.connectionpool:Starting new HTTPS connection (1): api.coronavirus.data.gov.uk:443
DEBUG:urllib3.connectionpool:https://api.coronavirus.data.gov.uk:443 "GET /v1/data?filters=areaType%3Dltla%3BareaName%3DExeter&structure=%7B%22newCasesBySpecimenDate%22%3A%22newCasesBySpecimenDate%22%7D&format=json&page=1 HTTP/1.1" 200 None
DEBUG:urllib3.connectionpool:Starting new HTTPS connection (1): api.coronavirus.data.gov.uk:443
DEBUG:urllib3.connectionpool:https://api.coronavirus.data.gov.uk:443 "GET /v1/data?filters=areaType%3Dltla%3BareaName%3DExeter&structure=%7B%22newCasesBySpecimenDate%22%3A%22newCasesBySpecimenDate%22%7D&format=json&page=2 HTTP/1.1" 204 0
DEBUG:urllib3.connectionpool:Starting new HTTPS connection (1): api.coronavirus.data.gov.uk:443
DEBUG:urllib3.connectionpool:https://api.coronavirus.data.gov.uk:443 "GET /v1/data?filters=areaType%3Dnation%3BareaName%3DEngland&structure=%7B%22cumDailyNsoDeathsByDeathDate%22%3A%22cumDailyNsoDeathsByDeathDate%22%2C%22hospitalCases%22%3A%22hospitalCases%22%2C%22newCasesBySpecimenDate%22%3A%22newCasesBySpecimenDate%22%7D&format=json&page=1 HTTP/1.1" 200 None
DEBUG:urllib3.connectionpool:Starting new HTTPS connection (1): api.coronavirus.data.gov.uk:443
DEBUG:urllib3.connectionpool:https://api.coronavirus.data.gov.uk:443 "GET /v1/data?filters=areaType%3Dnation%3BareaName%3DEngland&structure=%7B%22cumDailyNsoDeathsByDeathDate%22%3A%22cumDailyNsoDeathsByDeathDate%22%2C%22hospitalCases%22%3A%22hospitalCases%22%2C%22newCasesBySpecimenDate%22%3A%22newCasesBySpecimenDate%22%7D&format=json&page=2 HTTP/1.1" 204 0
DEBUG:root:Element 0 was not an integer
DEBUG:root:Element 1 was not an integer
DEBUG:root:Element 2 was not an integer
DEBUG:root:Element 3 was not an integer
DEBUG:root:Element 4 was not an integer
DEBUG:root:Element 5 was not an integer
DEBUG:root:Element 6 was not an integer
DEBUG:root:Element 7 was not an integer
DEBUG:root:Element 8 was not an integer
DEBUG:root:Element 9 was not an integer
DEBUG:root:Element 10 was not an integer
DEBUG:root:Element 11 was not an integer
DEBUG:urllib3.connectionpool:Starting new HTTPS connection (1): newsapi.org:443
DEBUG:urllib3.connectionpool:https://newsapi.org:443 "GET /v2/everything?q=Covid%7C%7CCOVID-19%7C%7Ccoronavirus&from=2021-12-01&sortBy=publishedAt&language=en&apiKey=e30de33ada8846cda564576240854c89 HTTP/1.1" 200 None
DEBUG:urllib3.connectionpool:Starting new HTTPS connection (1): newsapi.org:443
DEBUG:urllib3.connectionpool:https://newsapi.org:443 "GET /v2/everything?q=Covid%7C%7CCOVID-19%7C%7Ccoronavirus&from=2021-12-01&sortBy=publishedAt&language=en&apiKey=e30de33ada8846cda564576240854c89 HTTP/1.1" 200 None
DEBUG:urllib3.connectionpool:Starting new HTTPS connection (1): api.coronavirus.data.gov.uk:443
DEBUG:urllib3.connectionpool:https://api.coronavirus.data.gov.uk:443 "GET /v1/data HTTP/1.1" 200 None
DEBUG:urllib3.connectionpool:Starting new HTTPS connection (1): api.coronavirus.data.gov.uk:443
DEBUG:urllib3.connectionpool:https://api.coronavirus.data.gov.uk:443 "GET /v1/data?filters=areaType%3Dltla%3BareaName%3DExeter&structure=%7B%22newCasesBySpecimenDate%22%3A%22newCasesBySpecimenDate%22%7D&format=json&page=1 HTTP/1.1" 200 None
DEBUG:urllib3.connectionpool:Starting new HTTPS connection (1): api.coronavirus.data.gov.uk:443
DEBUG:urllib3.connectionpool:https://api.coronavirus.data.gov.uk:443 "GET /v1/data?filters=areaType%3Dltla%3BareaName%3DExeter&structure=%7B%22newCasesBySpecimenDate%22%3A%22newCasesBySpecimenDate%22%7D&format=json&page=2 HTTP/1.1" 204 0
DEBUG:urllib3.connectionpool:Starting new HTTPS connection (1): api.coronavirus.data.gov.uk:443
DEBUG:urllib3.connectionpool:https://api.coronavirus.data.gov.uk:443 "GET /v1/data?filters=areaType%3Dnation%3BareaName%3DEngland&structure=%7B%22cumDailyNsoDeathsByDeathDate%22%3A%22cumDailyNsoDeathsByDeathDate%22%2C%22hospitalCases%22%3A%22hospitalCases%22%2C%22newCasesBySpecimenDate%22%3A%22newCasesBySpecimenDate%22%7D&format=json&page=1 HTTP/1.1" 200 None
DEBUG:urllib3.connectionpool:Starting new HTTPS connection (1): api.coronavirus.data.gov.uk:443
DEBUG:urllib3.connectionpool:https://api.coronavirus.data.gov.uk:443 "GET /v1/data?filters=areaType%3Dnation%3BareaName%3DEngland&structure=%7B%22cumDailyNsoDeathsByDeathDate%22%3A%22cumDailyNsoDeathsByDeathDate%22%2C%22hospitalCases%22%3A%22hospitalCases%22%2C%22newCasesBySpecimenDate%22%3A%22newCasesBySpecimenDate%22%7D&format=json&page=2 HTTP/1.1" 204 0
DEBUG:root:Element 0 was not an integer
DEBUG:root:Element 1 was not an integer
DEBUG:root:Element 2 was not an integer
DEBUG:root:Element 3 was not an integer
DEBUG:root:Element 4 was not an integer
DEBUG:root:Element 5 was not an integer
DEBUG:root:Element 6 was not an integer
DEBUG:root:Element 7 was not an integer
DEBUG:root:Element 8 was not an integer
DEBUG:root:Element 9 was not an integer
DEBUG:root:Element 10 was not an integer
DEBUG:root:Element 11 was not an integer
INFO:werkzeug: * Running on http://127.0.0.1:5000/ (Press CTRL+C to quit)
ERROR:user_inter:Exception on /index [GET]
Traceback (most recent call last):
  File "C:\Users\Malik\AppData\Local\Packages\PythonSoftwareFoundation.Python.3.9_qbz5n2kfra8p0\LocalCache\local-packages\Python39\site-packages\flask\app.py", line 2073, in wsgi_app
    response = self.full_dispatch_request()
  File "C:\Users\Malik\AppData\Local\Packages\PythonSoftwareFoundation.Python.3.9_qbz5n2kfra8p0\LocalCache\local-packages\Python39\site-packages\flask\app.py", line 1518, in full_dispatch_request
    rv = self.handle_user_exception(e)
  File "C:\Users\Malik\AppData\Local\Packages\PythonSoftwareFoundation.Python.3.9_qbz5n2kfra8p0\LocalCache\local-packages\Python39\site-packages\flask\app.py", line 1516, in full_dispatch_request
    rv = self.dispatch_request()
  File "C:\Users\Malik\AppData\Local\Packages\PythonSoftwareFoundation.Python.3.9_qbz5n2kfra8p0\LocalCache\local-packages\Python39\site-packages\flask\app.py", line 1502, in dispatch_request
    return self.ensure_sync(self.view_functions[rule.endpoint])(**req.view_args)
  File "C:\Work\Covid Dashborad Coursework\user_inter.py", line 151, in index
    local_7day_infections=data['last7day_cases_loc'],
KeyError: 'last7day_cases_loc'
INFO:werkzeug:127.0.0.1 - - [09/Dec/2021 15:44:53] "[35m[1mGET /index HTTP/1.1[0m" 500 -
ERROR:user_inter:Exception on /index [GET]
Traceback (most recent call last):
  File "C:\Users\Malik\AppData\Local\Packages\PythonSoftwareFoundation.Python.3.9_qbz5n2kfra8p0\LocalCache\local-packages\Python39\site-packages\flask\app.py", line 2073, in wsgi_app
    response = self.full_dispatch_request()
  File "C:\Users\Malik\AppData\Local\Packages\PythonSoftwareFoundation.Python.3.9_qbz5n2kfra8p0\LocalCache\local-packages\Python39\site-packages\flask\app.py", line 1518, in full_dispatch_request
    rv = self.handle_user_exception(e)
  File "C:\Users\Malik\AppData\Local\Packages\PythonSoftwareFoundation.Python.3.9_qbz5n2kfra8p0\LocalCache\local-packages\Python39\site-packages\flask\app.py", line 1516, in full_dispatch_request
    rv = self.dispatch_request()
  File "C:\Users\Malik\AppData\Local\Packages\PythonSoftwareFoundation.Python.3.9_qbz5n2kfra8p0\LocalCache\local-packages\Python39\site-packages\flask\app.py", line 1502, in dispatch_request
    return self.ensure_sync(self.view_functions[rule.endpoint])(**req.view_args)
  File "C:\Work\Covid Dashborad Coursework\user_inter.py", line 151, in index
    local_7day_infections=data['last7day_cases_loc'],
KeyError: 'last7day_cases_loc'
INFO:werkzeug:127.0.0.1 - - [09/Dec/2021 15:44:54] "[35m[1mGET /index HTTP/1.1[0m" 500 -
